<?xml version="1.0" encoding="UTF-8"?>
<!-- Generated by org.testng.reporters.JUnitXMLReporter -->
<testsuite ignored="6" hostname="DESKTOP-8V15BLP" failures="0" tests="5" name="ChromeBrowser" time="307.562" errors="0" timestamp="2023-07-07T10:15:27 IST">
  <testcase classname="Com.Patiquette.SCM.SearchInvoiceByDate" name="SearchInvoiceByDateTest" time="39.444"/>
  <testcase classname="Com.Patiquette.SCM.SearchInvoiceByDate" name="testMethod" time="0.003"/>
  <testcase classname="Com.Patiquette.SCM.EditRetailerProfile" name="newOrderDetailsTest" time="30.45"/>
  <testcase classname="Com.Patiquette.SCM.CreateNewRetailer" name="CreateNewRetailerTest" time="2.14"/>
  <testcase classname="Com.Patiquette.SCM.CreatingProductAndPlacingOrder" name="creatingProductAndPlacingOrderTest" time="43.284"/>
  <testcase classname="com.scm.genericUtility.BaseClass" name="@AfterSuite disconnectDatabase" time="0.0">
    <ignored/>
  </testcase> <!-- @AfterSuite disconnectDatabase -->
  <testcase classname="com.scm.genericUtility.BaseClass" name="@AfterSuite disconnectDatabase" time="0.0">
    <ignored/>
  </testcase> <!-- @AfterSuite disconnectDatabase -->
  <testcase classname="com.scm.genericUtility.BaseClass" name="@AfterSuite disconnectDatabase" time="0.0">
    <ignored/>
  </testcase> <!-- @AfterSuite disconnectDatabase -->
  <testcase classname="com.scm.genericUtility.BaseClass" name="@BeforeSuite connectDatabase" time="0.0">
    <ignored/>
  </testcase> <!-- @BeforeSuite connectDatabase -->
  <testcase classname="com.scm.genericUtility.BaseClass" name="@BeforeSuite connectDatabase" time="0.0">
    <ignored/>
  </testcase> <!-- @BeforeSuite connectDatabase -->
  <testcase classname="com.scm.genericUtility.BaseClass" name="@BeforeSuite connectDatabase" time="0.0">
    <ignored/>
  </testcase> <!-- @BeforeSuite connectDatabase -->
</testsuite> <!-- ChromeBrowser -->
