<?xml version="1.0" encoding="UTF-8"?>
<!-- Generated by org.testng.reporters.JUnitXMLReporter -->
<testsuite ignored="6" hostname="DESKTOP-8V15BLP" failures="1" tests="5" name="FirefoxBrowser" time="344.67" errors="0" timestamp="2023-07-07T10:16:03 IST">
  <testcase classname="com.scm.genericUtility.BaseClass" name="@AfterMethod logout" time="0.034">
    <failure type="org.openqa.selenium.UnhandledAlertException" message="Dismissed user prompt dialog: Stock Updated Successfully: 
Build info: version: &amp;apos;3.141.59&amp;apos;, revision: &amp;apos;e82be7d358&amp;apos;, time: &amp;apos;2018-11-14T08:17:03&amp;apos;
System info: host: &amp;apos;DESKTOP-8V15BLP&amp;apos;, ip: &amp;apos;192.168.20.1&amp;apos;, os.name: &amp;apos;Windows 10&amp;apos;, os.arch: &amp;apos;amd64&amp;apos;, os.version: &amp;apos;10.0&amp;apos;, java.version: &amp;apos;18.0.2.1&amp;apos;
Driver info: org.openqa.selenium.firefox.FirefoxDriver
Capabilities {acceptInsecureCerts: true, browserName: firefox, browserVersion: 115.0, javascriptEnabled: true, moz:accessibilityChecks: false, moz:buildID: 20230629134642, moz:geckodriverVersion: 0.33.0, moz:headless: false, moz:platformVersion: 10.0, moz:processID: 8208, moz:profile: C:\Users\lenovo\AppData\Loc..., moz:shutdownTimeout: 60000, moz:useNonSpecCompliantPointerOrigin: false, moz:webdriverClick: true, moz:windowless: false, pageLoadStrategy: normal, platform: WINDOWS, platformName: WINDOWS, proxy: Proxy(), setWindowRect: true, strictFileInteractability: false, timeouts: {implicit: 0, pageLoad: 300000, script: 30000}, unhandledPromptBehavior: dismiss and notify}
Session ID: c8eed193-c37c-4d3c-a8d1-7e7676c9949a
*** Element info: {Using=xpath, value=//input[@value=&amp;apos;Log out&amp;apos;]}">
      <![CDATA[org.openqa.selenium.UnhandledAlertException: Dismissed user prompt dialog: Stock Updated Successfully: 
Build info: version: '3.141.59', revision: 'e82be7d358', time: '2018-11-14T08:17:03'
System info: host: 'DESKTOP-8V15BLP', ip: '192.168.20.1', os.name: 'Windows 10', os.arch: 'amd64', os.version: '10.0', java.version: '18.0.2.1'
Driver info: org.openqa.selenium.firefox.FirefoxDriver
Capabilities {acceptInsecureCerts: true, browserName: firefox, browserVersion: 115.0, javascriptEnabled: true, moz:accessibilityChecks: false, moz:buildID: 20230629134642, moz:geckodriverVersion: 0.33.0, moz:headless: false, moz:platformVersion: 10.0, moz:processID: 8208, moz:profile: C:\Users\lenovo\AppData\Loc..., moz:shutdownTimeout: 60000, moz:useNonSpecCompliantPointerOrigin: false, moz:webdriverClick: true, moz:windowless: false, pageLoadStrategy: normal, platform: WINDOWS, platformName: WINDOWS, proxy: Proxy(), setWindowRect: true, strictFileInteractability: false, timeouts: {implicit: 0, pageLoad: 300000, script: 30000}, unhandledPromptBehavior: dismiss and notify}
Session ID: c8eed193-c37c-4d3c-a8d1-7e7676c9949a
*** Element info: {Using=xpath, value=//input[@value='Log out']}
at org.openqa.selenium.remote.http.W3CHttpResponseCodec.decode(W3CHttpResponseCodec.java:120)
at org.openqa.selenium.remote.http.W3CHttpResponseCodec.decode(W3CHttpResponseCodec.java:49)
at org.openqa.selenium.remote.HttpCommandExecutor.execute(HttpCommandExecutor.java:158)
at org.openqa.selenium.remote.service.DriverCommandExecutor.execute(DriverCommandExecutor.java:83)
at org.openqa.selenium.remote.RemoteWebDriver.execute(RemoteWebDriver.java:552)
at org.openqa.selenium.remote.RemoteWebDriver.findElement(RemoteWebDriver.java:323)
at org.openqa.selenium.remote.RemoteWebDriver.findElementByXPath(RemoteWebDriver.java:428)
at org.openqa.selenium.By$ByXPath.findElement(By.java:353)
at org.openqa.selenium.remote.RemoteWebDriver.findElement(RemoteWebDriver.java:315)
at org.openqa.selenium.support.pagefactory.DefaultElementLocator.findElement(DefaultElementLocator.java:69)
at org.openqa.selenium.support.pagefactory.internal.LocatingElementHandler.invoke(LocatingElementHandler.java:38)
at jdk.proxy2/jdk.proxy2.$Proxy17.click(Unknown Source)
at com.scm.genericUtility.BaseClass.logout(BaseClass.java:70)
at java.base/java.util.ArrayList.forEach(ArrayList.java:1511)
at java.base/java.util.concurrent.FutureTask.run(FutureTask.java:264)
at java.base/java.util.concurrent.ThreadPoolExecutor.runWorker(ThreadPoolExecutor.java:1136)
at java.base/java.util.concurrent.ThreadPoolExecutor$Worker.run(ThreadPoolExecutor.java:635)
at java.base/java.lang.Thread.run(Thread.java:833)
... Removed 21 stack frames]]>
    </failure>
  </testcase> <!-- @AfterMethod logout -->
  <testcase classname="com.scm.genericUtility.BaseClass" name="@AfterClass closeBrowser" time="-1.688705163236E9">
    <skipped/>
  </testcase> <!-- @AfterClass closeBrowser -->
  <testcase classname="Com.Patiquette.SCM.SearchInvoiceByDate" name="SearchInvoiceByDateTest" time="11.925"/>
  <testcase classname="Com.Patiquette.SCM.SearchInvoiceByDate" name="testMethod" time="0.002"/>
  <testcase classname="Com.Patiquette.SCM.EditRetailerProfile" name="newOrderDetailsTest" time="14.437"/>
  <testcase classname="Com.Patiquette.SCM.CreateNewRetailer" name="CreateNewRetailerTest" time="10.775"/>
  <testcase classname="Com.Patiquette.SCM.CreatingProductAndPlacingOrder" name="creatingProductAndPlacingOrderTest" time="6.144">
    <failure type="org.openqa.selenium.NoAlertPresentException" message="
Build info: version: &amp;apos;3.141.59&amp;apos;, revision: &amp;apos;e82be7d358&amp;apos;, time: &amp;apos;2018-11-14T08:17:03&amp;apos;
System info: host: &amp;apos;DESKTOP-8V15BLP&amp;apos;, ip: &amp;apos;192.168.20.1&amp;apos;, os.name: &amp;apos;Windows 10&amp;apos;, os.arch: &amp;apos;amd64&amp;apos;, os.version: &amp;apos;10.0&amp;apos;, java.version: &amp;apos;18.0.2.1&amp;apos;
Driver info: org.openqa.selenium.firefox.FirefoxDriver
Capabilities {acceptInsecureCerts: true, browserName: firefox, browserVersion: 115.0, javascriptEnabled: true, moz:accessibilityChecks: false, moz:buildID: 20230629134642, moz:geckodriverVersion: 0.33.0, moz:headless: false, moz:platformVersion: 10.0, moz:processID: 8208, moz:profile: C:\Users\lenovo\AppData\Loc..., moz:shutdownTimeout: 60000, moz:useNonSpecCompliantPointerOrigin: false, moz:webdriverClick: true, moz:windowless: false, pageLoadStrategy: normal, platform: WINDOWS, platformName: WINDOWS, proxy: Proxy(), setWindowRect: true, strictFileInteractability: false, timeouts: {implicit: 0, pageLoad: 300000, script: 30000}, unhandledPromptBehavior: dismiss and notify}
Session ID: c8eed193-c37c-4d3c-a8d1-7e7676c9949a">
      <![CDATA[org.openqa.selenium.NoAlertPresentException: 
Build info: version: '3.141.59', revision: 'e82be7d358', time: '2018-11-14T08:17:03'
System info: host: 'DESKTOP-8V15BLP', ip: '192.168.20.1', os.name: 'Windows 10', os.arch: 'amd64', os.version: '10.0', java.version: '18.0.2.1'
Driver info: org.openqa.selenium.firefox.FirefoxDriver
Capabilities {acceptInsecureCerts: true, browserName: firefox, browserVersion: 115.0, javascriptEnabled: true, moz:accessibilityChecks: false, moz:buildID: 20230629134642, moz:geckodriverVersion: 0.33.0, moz:headless: false, moz:platformVersion: 10.0, moz:processID: 8208, moz:profile: C:\Users\lenovo\AppData\Loc..., moz:shutdownTimeout: 60000, moz:useNonSpecCompliantPointerOrigin: false, moz:webdriverClick: true, moz:windowless: false, pageLoadStrategy: normal, platform: WINDOWS, platformName: WINDOWS, proxy: Proxy(), setWindowRect: true, strictFileInteractability: false, timeouts: {implicit: 0, pageLoad: 300000, script: 30000}, unhandledPromptBehavior: dismiss and notify}
Session ID: c8eed193-c37c-4d3c-a8d1-7e7676c9949a
at org.openqa.selenium.remote.http.W3CHttpResponseCodec.createException(W3CHttpResponseCodec.java:187)
at org.openqa.selenium.remote.http.W3CHttpResponseCodec.decode(W3CHttpResponseCodec.java:122)
at org.openqa.selenium.remote.http.W3CHttpResponseCodec.decode(W3CHttpResponseCodec.java:49)
at org.openqa.selenium.remote.HttpCommandExecutor.execute(HttpCommandExecutor.java:158)
at org.openqa.selenium.remote.service.DriverCommandExecutor.execute(DriverCommandExecutor.java:83)
at org.openqa.selenium.remote.RemoteWebDriver.execute(RemoteWebDriver.java:552)
at org.openqa.selenium.remote.RemoteWebDriver.execute(RemoteWebDriver.java:609)
at org.openqa.selenium.remote.RemoteWebDriver$RemoteAlert.accept(RemoteWebDriver.java:947)
at Com.Patiquette.SCM.CreatingProductAndPlacingOrder.creatingProductAndPlacingOrderTest(CreatingProductAndPlacingOrder.java:101)
at java.base/java.util.ArrayList.forEach(ArrayList.java:1511)
at java.base/java.util.concurrent.FutureTask.run(FutureTask.java:264)
at java.base/java.util.concurrent.ThreadPoolExecutor.runWorker(ThreadPoolExecutor.java:1136)
at java.base/java.util.concurrent.ThreadPoolExecutor$Worker.run(ThreadPoolExecutor.java:635)
at java.base/java.lang.Thread.run(Thread.java:833)
... Removed 19 stack frames]]>
    </failure>
  </testcase> <!-- creatingProductAndPlacingOrderTest -->
  <testcase classname="com.scm.genericUtility.BaseClass" name="@AfterSuite disconnectDatabase" time="0.0">
    <ignored/>
  </testcase> <!-- @AfterSuite disconnectDatabase -->
  <testcase classname="com.scm.genericUtility.BaseClass" name="@AfterSuite disconnectDatabase" time="0.0">
    <ignored/>
  </testcase> <!-- @AfterSuite disconnectDatabase -->
  <testcase classname="com.scm.genericUtility.BaseClass" name="@AfterSuite disconnectDatabase" time="0.0">
    <ignored/>
  </testcase> <!-- @AfterSuite disconnectDatabase -->
  <testcase classname="com.scm.genericUtility.BaseClass" name="@BeforeSuite connectDatabase" time="0.0">
    <ignored/>
  </testcase> <!-- @BeforeSuite connectDatabase -->
  <testcase classname="com.scm.genericUtility.BaseClass" name="@BeforeSuite connectDatabase" time="0.0">
    <ignored/>
  </testcase> <!-- @BeforeSuite connectDatabase -->
  <testcase classname="com.scm.genericUtility.BaseClass" name="@BeforeSuite connectDatabase" time="0.0">
    <ignored/>
  </testcase> <!-- @BeforeSuite connectDatabase -->
</testsuite> <!-- FirefoxBrowser -->
