<?xml version="1.0" encoding="UTF-8"?>
<!-- Generated by org.testng.reporters.JUnitXMLReporter -->
<testsuite ignored="10" hostname="DESKTOP-8V15BLP" failures="0" tests="2" name="Test" time="28.778" errors="0" timestamp="2023-07-10T16:15:12 IST">
  <testcase classname="Com.Patiquette.SCM.EditRetailerProfile" name="newOrderDetailsTest" time="4.243"/>
  <testcase classname="Com.Patiquette.SCM.CreatingProductAndPlacingOrder" name="creatingProductAndPlacingOrderTest" time="10.761"/>
  <testcase classname="Com.Patiquette.SCM.SearchInvoiceByDate" name="SearchInvoiceByDateTest" time="0.0">
    <ignored/>
  </testcase> <!-- SearchInvoiceByDateTest -->
  <testcase classname="com.scm.genericUtility.BaseClass" name="@AfterSuite disconnectDatabase" time="0.0">
    <ignored/>
  </testcase> <!-- @AfterSuite disconnectDatabase -->
  <testcase classname="com.scm.genericUtility.BaseClass" name="@AfterSuite disconnectDatabase" time="0.0">
    <ignored/>
  </testcase> <!-- @AfterSuite disconnectDatabase -->
  <testcase classname="com.scm.genericUtility.BaseClass" name="@AfterSuite disconnectDatabase" time="0.0">
    <ignored/>
  </testcase> <!-- @AfterSuite disconnectDatabase -->
  <testcase classname="Com.Patiquette.SCM.CreateNewRetailer" name="CreateNewRetailerTest" time="0.0">
    <ignored/>
  </testcase> <!-- CreateNewRetailerTest -->
  <testcase classname="com.scm.genericUtility.BaseClass" name="@BeforeSuite connectDatabase" time="0.0">
    <ignored/>
  </testcase> <!-- @BeforeSuite connectDatabase -->
  <testcase classname="com.scm.genericUtility.BaseClass" name="@BeforeSuite connectDatabase" time="0.0">
    <ignored/>
  </testcase> <!-- @BeforeSuite connectDatabase -->
  <testcase classname="com.scm.genericUtility.BaseClass" name="@BeforeSuite connectDatabase" time="0.0">
    <ignored/>
  </testcase> <!-- @BeforeSuite connectDatabase -->
  <testcase classname="Com.Patiquette.SCM.EditRetailerProfile" name="dummyBlockTest" time="0.0">
    <ignored/>
  </testcase> <!-- dummyBlockTest -->
  <testcase classname="Com.Patiquette.SCM.SearchInvoiceByDate" name="testMethod" time="0.0">
    <ignored/>
  </testcase> <!-- testMethod -->
</testsuite> <!-- Test -->
